<?xml version="1.0" encoding="UTF-8"?>
<testng-results skipped="0" failed="0" total="1" passed="1">
  <reporter-output>
  </reporter-output>
  <suite name="Default suite" duration-ms="27131" started-at="2016-08-27T17:02:06Z" finished-at="2016-08-27T17:02:33Z">
    <groups>
    </groups>
    <test name="Default test" duration-ms="27131" started-at="2016-08-27T17:02:06Z" finished-at="2016-08-27T17:02:33Z">
      <class name="selenium.Radiobuttons">
        <test-method status="PASS" signature="Before()[pri:0, instance:selenium.Radiobuttons@43d0f0e]" name="Before" is-config="true" duration-ms="25946" started-at="2016-08-27T22:32:06Z" finished-at="2016-08-27T22:32:32Z">
          <reporter-output>
          </reporter-output>
        </test-method> <!-- Before -->
        <test-method status="PASS" signature="f()[pri:0, instance:selenium.Radiobuttons@43d0f0e]" name="f" duration-ms="325" started-at="2016-08-27T22:32:32Z" finished-at="2016-08-27T22:32:32Z">
          <reporter-output>
          </reporter-output>
        </test-method> <!-- f -->
        <test-method status="PASS" signature="AfterTest()[pri:0, instance:selenium.Radiobuttons@43d0f0e]" name="AfterTest" is-config="true" duration-ms="844" started-at="2016-08-27T22:32:32Z" finished-at="2016-08-27T22:32:33Z">
          <reporter-output>
          </reporter-output>
        </test-method> <!-- AfterTest -->
      </class> <!-- selenium.Radiobuttons -->
    </test> <!-- Default test -->
  </suite> <!-- Default suite -->
</testng-results>
