<?xml version="1.0" encoding="UTF-8"?>
<testng-results skipped="0" failed="0" total="1" passed="1">
  <reporter-output>
  </reporter-output>
  <suite name="Default suite" duration-ms="4914" started-at="2016-07-04T12:30:36Z" finished-at="2016-07-04T12:30:41Z">
    <groups>
    </groups>
    <test name="Default test" duration-ms="4914" started-at="2016-07-04T12:30:36Z" finished-at="2016-07-04T12:30:41Z">
      <class name="testngpractice.ChromeOptions">
        <test-method status="PASS" signature="f()[pri:0, instance:testngpractice.ChromeOptions@5724c22f]" name="f" duration-ms="4897" started-at="2016-07-04T18:00:36Z" finished-at="2016-07-04T18:00:41Z">
          <reporter-output>
          </reporter-output>
        </test-method> <!-- f -->
      </class> <!-- testngpractice.ChromeOptions -->
    </test> <!-- Default test -->
  </suite> <!-- Default suite -->
</testng-results>
