<?xml version="1.0" encoding="UTF-8"?>
<testng-results skipped="2" failed="0" total="11" passed="9">
  <reporter-output>
    <line>
      <![CDATA[Browser launched successfully]]>
    </line>
    <line>
      <![CDATA[Admin Login successful]]>
    </line>
    <line>
      <![CDATA[verifed welcome to admin]]>
    </line>
    <line>
      <![CDATA[branches home page opend successfully]]>
    </line>
    <line>
      <![CDATA[New Branch Text is verified]]>
    </line>
    <line>
      <![CDATA[Admin home page opened successfully]]>
    </line>
    <line>
      <![CDATA[Welcome to Admin is verified]]>
    </line>
    <line>
      <![CDATA[close the browser]]>
    </line>
    <line>
      <![CDATA[browser launched successfully]]>
    </line>
    <line>
      <![CDATA[Admin Login successful]]>
    </line>
    <line>
      <![CDATA[verifed welcome to admin]]>
    </line>
    <line>
      <![CDATA[branches home page opend successfully]]>
    </line>
    <line>
      <![CDATA[verifed New Branch]]>
    </line>
    <line>
      <![CDATA[close the browser]]>
    </line>
    <line>
      <![CDATA[Browser launched successfully]]>
    </line>
    <line>
      <![CDATA[Admin Login successful]]>
    </line>
    <line>
      <![CDATA[verifed welcome to admin]]>
    </line>
    <line>
      <![CDATA[branches home page opend successfully]]>
    </line>
    <line>
      <![CDATA[New Branch Text is verified]]>
    </line>
    <line>
      <![CDATA[New Branch Page opened successfully]]>
    </line>
    <line>
      <![CDATA[New Branch Entry is verified]]>
    </line>
    <line>
      <![CDATA[branch Details entered sucessfully]]>
    </line>
    <line>
      <![CDATA[Alert text is present]]>
    </line>
    <line>
      <![CDATA[Branch name already Exist]]>
    </line>
    <line>
      <![CDATA[New Branch Page opened successfully]]>
    </line>
    <line>
      <![CDATA[New Branch Entry is verified]]>
    </line>
    <line>
      <![CDATA[branch Details entered sucessfully]]>
    </line>
    <line>
      <![CDATA[Alert text is present]]>
    </line>
    <line>
      <![CDATA[Branch name already Exist]]>
    </line>
    <line>
      <![CDATA[New Branch Page opened successfully]]>
    </line>
    <line>
      <![CDATA[New Branch Entry is verified]]>
    </line>
    <line>
      <![CDATA[branch Details entered sucessfully]]>
    </line>
    <line>
      <![CDATA[Alert text is present]]>
    </line>
    <line>
      <![CDATA[Branch name already Exist]]>
    </line>
    <line>
      <![CDATA[New Branch Page opened successfully]]>
    </line>
    <line>
      <![CDATA[New Branch Entry is verified]]>
    </line>
    <line>
      <![CDATA[branch Details entered sucessfully]]>
    </line>
    <line>
      <![CDATA[Alert text is present]]>
    </line>
    <line>
      <![CDATA[Branch name already Exist]]>
    </line>
    <line>
      <![CDATA[New Branch Page opened successfully]]>
    </line>
    <line>
      <![CDATA[New Branch Entry is verified]]>
    </line>
    <line>
      <![CDATA[branch Details entered sucessfully]]>
    </line>
    <line>
      <![CDATA[Alert text is present]]>
    </line>
    <line>
      <![CDATA[Branch name already Exist]]>
    </line>
    <line>
      <![CDATA[New Branch Page opened successfully]]>
    </line>
    <line>
      <![CDATA[New Branch Entry is verified]]>
    </line>
    <line>
      <![CDATA[branch Details entered sucessfully]]>
    </line>
    <line>
      <![CDATA[Alert text is present]]>
    </line>
    <line>
      <![CDATA[Branch name already Exist]]>
    </line>
    <line>
      <![CDATA[New Branch Page opened successfully]]>
    </line>
    <line>
      <![CDATA[New Branch Entry is verified]]>
    </line>
    <line>
      <![CDATA[branch Details entered sucessfully]]>
    </line>
    <line>
      <![CDATA[Alert text is present]]>
    </line>
    <line>
      <![CDATA[Branch name already Exist]]>
    </line>
    <line>
      <![CDATA[New Branch Page opened successfully]]>
    </line>
    <line>
      <![CDATA[New Branch Entry is verified]]>
    </line>
    <line>
      <![CDATA[branch Details entered sucessfully]]>
    </line>
    <line>
      <![CDATA[Alert text is present]]>
    </line>
    <line>
      <![CDATA[Branch name already Exist]]>
    </line>
    <line>
      <![CDATA[New Branch Page opened successfully]]>
    </line>
    <line>
      <![CDATA[New Branch Entry is verified]]>
    </line>
    <line>
      <![CDATA[branch Details entered sucessfully]]>
    </line>
    <line>
      <![CDATA[Alert text is present]]>
    </line>
    <line>
      <![CDATA[Branch name already Exist]]>
    </line>
    <line>
      <![CDATA[close the browser]]>
    </line>
    <line>
      <![CDATA[Browser launched successfully]]>
    </line>
    <line>
      <![CDATA[Admin Login successful]]>
    </line>
    <line>
      <![CDATA[verifed welcome to admin]]>
    </line>
    <line>
      <![CDATA[branches home page opend successfully]]>
    </line>
    <line>
      <![CDATA[New Branch Text is verified]]>
    </line>
    <line>
      <![CDATA[New Branch Page opened successfully]]>
    </line>
    <line>
      <![CDATA[New Branch Entry is verified]]>
    </line>
    <line>
      <![CDATA[branch Details entered sucessfully]]>
    </line>
    <line>
      <![CDATA[Branch Name textbox is empty]]>
    </line>
    <line>
      <![CDATA[branch Details entered sucessfully]]>
    </line>
    <line>
      <![CDATA[Branch Name textbox is empty]]>
    </line>
    <line>
      <![CDATA[branch Details entered sucessfully]]>
    </line>
    <line>
      <![CDATA[Branch Name textbox is empty]]>
    </line>
    <line>
      <![CDATA[branch Details entered sucessfully]]>
    </line>
    <line>
      <![CDATA[Branch Name textbox is empty]]>
    </line>
    <line>
      <![CDATA[branch Details entered sucessfully]]>
    </line>
    <line>
      <![CDATA[Branch Name textbox is empty]]>
    </line>
    <line>
      <![CDATA[branch Details entered sucessfully]]>
    </line>
    <line>
      <![CDATA[Branch Name textbox is empty]]>
    </line>
    <line>
      <![CDATA[branch Details entered sucessfully]]>
    </line>
    <line>
      <![CDATA[Branch Name textbox is empty]]>
    </line>
    <line>
      <![CDATA[branch Details entered sucessfully]]>
    </line>
    <line>
      <![CDATA[Branch Name textbox is empty]]>
    </line>
    <line>
      <![CDATA[branch Details entered sucessfully]]>
    </line>
    <line>
      <![CDATA[Branch Name textbox is empty]]>
    </line>
    <line>
      <![CDATA[Browser launched successfully]]>
    </line>
    <line>
      <![CDATA[Admin Login successful]]>
    </line>
    <line>
      <![CDATA[verifed welcome to admin]]>
    </line>
    <line>
      <![CDATA[branches home page opend successfully]]>
    </line>
    <line>
      <![CDATA[New Branch is not verified]]>
    </line>
    <line>
      <![CDATA[New Branch Page opened successfully]]>
    </line>
    <line>
      <![CDATA[New Branch Entry is not verified]]>
    </line>
    <line>
      <![CDATA[branch Details entered not sucessfully]]>
    </line>
    <line>
      <![CDATA[New Branch Page opened successfully]]>
    </line>
    <line>
      <![CDATA[New Branch Entry is verified]]>
    </line>
    <line>
      <![CDATA[branch Details entered sucessfully]]>
    </line>
    <line>
      <![CDATA[New Branch Page opened successfully]]>
    </line>
    <line>
      <![CDATA[New Branch Entry is verified]]>
    </line>
    <line>
      <![CDATA[branch Details entered sucessfully]]>
    </line>
    <line>
      <![CDATA[New Branch Page opened successfully]]>
    </line>
    <line>
      <![CDATA[New Branch Entry is verified]]>
    </line>
    <line>
      <![CDATA[branch Details entered sucessfully]]>
    </line>
    <line>
      <![CDATA[New Branch Page opened successfully]]>
    </line>
    <line>
      <![CDATA[New Branch Entry is verified]]>
    </line>
    <line>
      <![CDATA[branch Details entered sucessfully]]>
    </line>
    <line>
      <![CDATA[New Branch Page opened successfully]]>
    </line>
    <line>
      <![CDATA[New Branch Entry is verified]]>
    </line>
    <line>
      <![CDATA[branch Details entered sucessfully]]>
    </line>
    <line>
      <![CDATA[New Branch Page opened successfully]]>
    </line>
    <line>
      <![CDATA[New Branch Entry is verified]]>
    </line>
    <line>
      <![CDATA[branch Details entered sucessfully]]>
    </line>
    <line>
      <![CDATA[New Branch Page opened successfully]]>
    </line>
    <line>
      <![CDATA[New Branch Entry is verified]]>
    </line>
    <line>
      <![CDATA[branch Details entered sucessfully]]>
    </line>
    <line>
      <![CDATA[New Branch Page opened successfully]]>
    </line>
    <line>
      <![CDATA[New Branch Entry is verified]]>
    </line>
    <line>
      <![CDATA[branch Details entered sucessfully]]>
    </line>
    <line>
      <![CDATA[Browser launched successfully]]>
    </line>
    <line>
      <![CDATA[Admin Login successful]]>
    </line>
    <line>
      <![CDATA[verifed welcome to admin]]>
    </line>
    <line>
      <![CDATA[branches home page opend successfully]]>
    </line>
    <line>
      <![CDATA[New Branch Text is verified]]>
    </line>
    <line>
      <![CDATA[log out successful]]>
    </line>
    <line>
      <![CDATA[Banker Login text is verified]]>
    </line>
    <line>
      <![CDATA[close the browser]]>
    </line>
    <line>
      <![CDATA[Browser launched successfully]]>
    </line>
    <line>
      <![CDATA[Admin login successful]]>
    </line>
    <line>
      <![CDATA[Welcome to Admin verified]]>
    </line>
    <line>
      <![CDATA[Branches home page opened successfully]]>
    </line>
    <line>
      <![CDATA[New Branch is verified]]>
    </line>
    <line>
      <![CDATA[New Branch Page opened successfully]]>
    </line>
    <line>
      <![CDATA[New Branch Entry is verified]]>
    </line>
    <line>
      <![CDATA[Admin home page opened successfully]]>
    </line>
    <line>
      <![CDATA[Welcome to Admin is verified]]>
    </line>
    <line>
      <![CDATA[close the browser]]>
    </line>
    <line>
      <![CDATA[Browser launched successfully]]>
    </line>
    <line>
      <![CDATA[Admin Login successful]]>
    </line>
    <line>
      <![CDATA[verifed welcome to admin]]>
    </line>
    <line>
      <![CDATA[branches home page opend successfully]]>
    </line>
    <line>
      <![CDATA[New Branch Text is verified]]>
    </line>
    <line>
      <![CDATA[close the browser]]>
    </line>
  </reporter-output>
  <suite name="Suite" duration-ms="696876" started-at="2016-05-26T03:34:04Z" finished-at="2016-05-26T03:45:41Z">
    <groups>
    </groups>
    <test name="Test" duration-ms="696876" started-at="2016-05-26T03:34:04Z" finished-at="2016-05-26T03:45:41Z">
      <class name="com.ranford.RABP.testsuites.BP_TS3_ValidateBranchesHome">
        <test-method status="PASS" signature="preCondition()[pri:0, instance:com.ranford.RABP.testsuites.BP_TS3_ValidateBranchesHome@6ac3205]" name="preCondition" is-config="true" duration-ms="30219" started-at="2016-05-26T09:05:45Z" finished-at="2016-05-26T09:06:15Z">
          <reporter-output>
            <line>
              <![CDATA[Browser launched successfully]]>
            </line>
            <line>
              <![CDATA[Admin Login successful]]>
            </line>
            <line>
              <![CDATA[verifed welcome to admin]]>
            </line>
            <line>
              <![CDATA[branches home page opend successfully]]>
            </line>
            <line>
              <![CDATA[New Branch Text is verified]]>
            </line>
          </reporter-output>
        </test-method> <!-- preCondition -->
        <test-method status="PASS" signature="testcase()[pri:0, instance:com.ranford.RABP.testsuites.BP_TS3_ValidateBranchesHome@6ac3205]" name="testcase" duration-ms="677" started-at="2016-05-26T09:06:15Z" finished-at="2016-05-26T09:06:16Z">
          <reporter-output>
            <line>
              <![CDATA[Admin home page opened successfully]]>
            </line>
            <line>
              <![CDATA[Welcome to Admin is verified]]>
            </line>
          </reporter-output>
        </test-method> <!-- testcase -->
        <test-method status="PASS" signature="postCondition()[pri:0, instance:com.ranford.RABP.testsuites.BP_TS3_ValidateBranchesHome@6ac3205]" name="postCondition" is-config="true" duration-ms="4592" started-at="2016-05-26T09:06:16Z" finished-at="2016-05-26T09:06:20Z">
          <reporter-output>
            <line>
              <![CDATA[close the browser]]>
            </line>
          </reporter-output>
        </test-method> <!-- postCondition -->
      </class> <!-- com.ranford.RABP.testsuites.BP_TS3_ValidateBranchesHome -->
      <class name="com.ranford.RABP.testsuites.BP_TS11_validateNewBranchesLogOut">
        <test-method status="PASS" signature="preCondition()[pri:0, instance:com.ranford.RABP.testsuites.BP_TS11_validateNewBranchesLogOut@2f7af3]" name="preCondition" is-config="true" duration-ms="15390" started-at="2016-05-26T09:09:20Z" finished-at="2016-05-26T09:09:36Z">
          <reporter-output>
          </reporter-output>
        </test-method> <!-- preCondition -->
        <test-method status="PASS" signature="testdata()[pri:0, instance:com.ranford.RABP.testsuites.BP_TS11_validateNewBranchesLogOut@2f7af3]" name="testdata" duration-ms="45557" started-at="2016-05-26T09:09:36Z" finished-at="2016-05-26T09:10:21Z">
          <reporter-output>
          </reporter-output>
        </test-method> <!-- testdata -->
        <test-method status="PASS" signature="postCondition()[pri:0, instance:com.ranford.RABP.testsuites.BP_TS11_validateNewBranchesLogOut@2f7af3]" name="postCondition" is-config="true" duration-ms="4597" started-at="2016-05-26T09:10:21Z" finished-at="2016-05-26T09:10:26Z">
          <reporter-output>
          </reporter-output>
        </test-method> <!-- postCondition -->
      </class> <!-- com.ranford.RABP.testsuites.BP_TS11_validateNewBranchesLogOut -->
      <class name="com.ranford.RABP.testsuites.BP_TS2_ValidateNewBranches">
        <test-method status="FAIL" signature="preCondition()[pri:0, instance:com.ranford.RABP.testsuites.BP_TS2_ValidateNewBranches@681564f4]" name="preCondition" is-config="true" duration-ms="0" started-at="2016-05-26T09:04:04Z" finished-at="2016-05-26T09:04:04Z">
          <exception class="org.openqa.selenium.UnhandledAlertException">
            <message>
              <![CDATA[Unexpected modal dialog (text: Connction failed try again): Connction failed try again
Build info: version: '2.53.0', revision: '35ae25b', time: '2016-03-15 16:57:40'
System info: host: 'SIVA-PC', ip: '192.168.0.103', os.name: 'Windows 7', os.arch: 'amd64', os.version: '6.1', java.version: '1.7.0_79'
Session ID: 0e848e43-f8a8-4873-ae3e-ecca66356e17
Driver info: org.openqa.selenium.firefox.FirefoxDriver
Capabilities [{platform=WINDOWS, acceptSslCerts=true, javascriptEnabled=true, cssSelectorsEnabled=true, databaseEnabled=true, browserName=firefox, handlesAlerts=true, nativeEvents=false, webStorageEnabled=true, rotatable=false, locationContextEnabled=true, applicationCacheEnabled=true, takesScreenshot=true, version=46.0.1}]]]>
            </message>
            <full-stacktrace>
              <![CDATA[org.openqa.selenium.UnhandledAlertException: Unexpected modal dialog (text: Connction failed try again): Connction failed try again
Build info: version: '2.53.0', revision: '35ae25b', time: '2016-03-15 16:57:40'
System info: host: 'SIVA-PC', ip: '192.168.0.103', os.name: 'Windows 7', os.arch: 'amd64', os.version: '6.1', java.version: '1.7.0_79'
Session ID: 0e848e43-f8a8-4873-ae3e-ecca66356e17
Driver info: org.openqa.selenium.firefox.FirefoxDriver
Capabilities [{platform=WINDOWS, acceptSslCerts=true, javascriptEnabled=true, cssSelectorsEnabled=true, databaseEnabled=true, browserName=firefox, handlesAlerts=true, nativeEvents=false, webStorageEnabled=true, rotatable=false, locationContextEnabled=true, applicationCacheEnabled=true, takesScreenshot=true, version=46.0.1}]
	at sun.reflect.NativeConstructorAccessorImpl.newInstance0(Native Method)
	at sun.reflect.NativeConstructorAccessorImpl.newInstance(Unknown Source)
	at sun.reflect.DelegatingConstructorAccessorImpl.newInstance(Unknown Source)
	at java.lang.reflect.Constructor.newInstance(Unknown Source)
	at org.openqa.selenium.remote.ErrorHandler.createThrowable(ErrorHandler.java:206)
	at org.openqa.selenium.remote.ErrorHandler.createUnhandledAlertException(ErrorHandler.java:187)
	at org.openqa.selenium.remote.ErrorHandler.throwIfResponseFailed(ErrorHandler.java:154)
	at org.openqa.selenium.remote.RemoteWebDriver.execute(RemoteWebDriver.java:678)
	at org.openqa.selenium.remote.RemoteWebDriver$RemoteWebDriverOptions$RemoteWindow.maximize(RemoteWebDriver.java:945)
	at com.ranford.RABP.appfunctions.AppFunctions.LaunchApplication(AppFunctions.java:55)
	at com.ranford.RABP.testsuites.BP_TS2_ValidateNewBranches.preCondition(BP_TS2_ValidateNewBranches.java:22)
	at sun.reflect.NativeMethodAccessorImpl.invoke0(Native Method)
	at sun.reflect.NativeMethodAccessorImpl.invoke(Unknown Source)
	at sun.reflect.DelegatingMethodAccessorImpl.invoke(Unknown Source)
	at java.lang.reflect.Method.invoke(Unknown Source)
	at org.testng.internal.MethodInvocationHelper.invokeMethod(MethodInvocationHelper.java:85)
	at org.testng.internal.Invoker.invokeConfigurationMethod(Invoker.java:510)
	at org.testng.internal.Invoker.invokeConfigurations(Invoker.java:211)
	at org.testng.internal.Invoker.invokeMethod(Invoker.java:585)
	at org.testng.internal.Invoker.invokeTestMethod(Invoker.java:816)
	at org.testng.internal.Invoker.invokeTestMethods(Invoker.java:1124)
	at org.testng.internal.TestMethodWorker.invokeTestMethods(TestMethodWorker.java:125)
	at org.testng.internal.TestMethodWorker.run(TestMethodWorker.java:108)
	at org.testng.TestRunner.privateRun(TestRunner.java:774)
	at org.testng.TestRunner.run(TestRunner.java:624)
	at org.testng.SuiteRunner.runTest(SuiteRunner.java:359)
	at org.testng.SuiteRunner.runSequentially(SuiteRunner.java:354)
	at org.testng.SuiteRunner.privateRun(SuiteRunner.java:312)
	at org.testng.SuiteRunner.run(SuiteRunner.java:261)
	at org.testng.SuiteRunnerWorker.runSuite(SuiteRunnerWorker.java:52)
	at org.testng.SuiteRunnerWorker.run(SuiteRunnerWorker.java:86)
	at org.testng.TestNG.runSuitesSequentially(TestNG.java:1215)
	at org.testng.TestNG.runSuitesLocally(TestNG.java:1140)
	at org.testng.TestNG.run(TestNG.java:1048)
	at org.testng.remote.AbstractRemoteTestNG.run(AbstractRemoteTestNG.java:126)
	at org.testng.remote.RemoteTestNG.initAndRun(RemoteTestNG.java:137)
	at org.testng.remote.RemoteTestNG.main(RemoteTestNG.java:58)
]]>
            </full-stacktrace>
          </exception> <!-- org.openqa.selenium.UnhandledAlertException -->
          <reporter-output>
          </reporter-output>
        </test-method> <!-- preCondition -->
        <test-method status="SKIP" signature="testCase()[pri:0, instance:com.ranford.RABP.testsuites.BP_TS2_ValidateNewBranches@681564f4]" name="testCase" duration-ms="3" started-at="2016-05-26T09:04:58Z" finished-at="2016-05-26T09:04:58Z">
          <reporter-output>
          </reporter-output>
        </test-method> <!-- testCase -->
        <test-method status="SKIP" signature="postCondition()[pri:0, instance:com.ranford.RABP.testsuites.BP_TS2_ValidateNewBranches@681564f4]" name="postCondition" is-config="true" duration-ms="0" started-at="2016-05-26T09:04:58Z" finished-at="2016-05-26T09:04:58Z">
          <reporter-output>
          </reporter-output>
        </test-method> <!-- postCondition -->
      </class> <!-- com.ranford.RABP.testsuites.BP_TS2_ValidateNewBranches -->
      <class name="com.ranford.RABP.testsuites.BP_TS10_validateNewBranchesHome">
        <test-method status="PASS" signature="preCondition()[pri:0, instance:com.ranford.RABP.testsuites.BP_TS10_validateNewBranchesHome@3d7256bc]" name="preCondition" is-config="true" duration-ms="17993" started-at="2016-05-26T09:14:47Z" finished-at="2016-05-26T09:15:05Z">
          <reporter-output>
            <line>
              <![CDATA[Browser launched successfully]]>
            </line>
            <line>
              <![CDATA[Admin login successful]]>
            </line>
            <line>
              <![CDATA[Welcome to Admin verified]]>
            </line>
            <line>
              <![CDATA[Branches home page opened successfully]]>
            </line>
            <line>
              <![CDATA[New Branch is verified]]>
            </line>
          </reporter-output>
        </test-method> <!-- preCondition -->
        <test-method status="PASS" signature="testdata()[pri:0, instance:com.ranford.RABP.testsuites.BP_TS10_validateNewBranchesHome@3d7256bc]" name="testdata" duration-ms="4274" started-at="2016-05-26T09:15:05Z" finished-at="2016-05-26T09:15:09Z">
          <reporter-output>
            <line>
              <![CDATA[New Branch Page opened successfully]]>
            </line>
            <line>
              <![CDATA[New Branch Entry is verified]]>
            </line>
            <line>
              <![CDATA[Admin home page opened successfully]]>
            </line>
            <line>
              <![CDATA[Welcome to Admin is verified]]>
            </line>
          </reporter-output>
        </test-method> <!-- testdata -->
        <test-method status="PASS" signature="postCondition()[pri:0, instance:com.ranford.RABP.testsuites.BP_TS10_validateNewBranchesHome@3d7256bc]" name="postCondition" is-config="true" duration-ms="4665" started-at="2016-05-26T09:15:09Z" finished-at="2016-05-26T09:15:14Z">
          <reporter-output>
            <line>
              <![CDATA[close the browser]]>
            </line>
          </reporter-output>
        </test-method> <!-- postCondition -->
      </class> <!-- com.ranford.RABP.testsuites.BP_TS10_validateNewBranchesHome -->
      <class name="com.ranford.RABP.testsuites.BP_TS5_ValidateBrancheDetails">
        <test-method status="PASS" signature="preCondition()[pri:0, instance:com.ranford.RABP.testsuites.BP_TS5_ValidateBrancheDetails@1d9c7028]" name="preCondition" is-config="true" duration-ms="17675" started-at="2016-05-26T09:15:14Z" finished-at="2016-05-26T09:15:31Z">
          <reporter-output>
            <line>
              <![CDATA[Browser launched successfully]]>
            </line>
            <line>
              <![CDATA[Admin Login successful]]>
            </line>
            <line>
              <![CDATA[verifed welcome to admin]]>
            </line>
            <line>
              <![CDATA[branches home page opend successfully]]>
            </line>
            <line>
              <![CDATA[New Branch Text is verified]]>
            </line>
          </reporter-output>
        </test-method> <!-- preCondition -->
        <test-method status="PASS" signature="testdata()[pri:0, instance:com.ranford.RABP.testsuites.BP_TS5_ValidateBrancheDetails@1d9c7028]" name="testdata" duration-ms="5603" started-at="2016-05-26T09:15:31Z" finished-at="2016-05-26T09:15:37Z">
          <reporter-output>
          </reporter-output>
        </test-method> <!-- testdata -->
        <test-method status="PASS" signature="postCondition()[pri:0, instance:com.ranford.RABP.testsuites.BP_TS5_ValidateBrancheDetails@1d9c7028]" name="postCondition" is-config="true" duration-ms="4546" started-at="2016-05-26T09:15:37Z" finished-at="2016-05-26T09:15:41Z">
          <reporter-output>
            <line>
              <![CDATA[close the browser]]>
            </line>
          </reporter-output>
        </test-method> <!-- postCondition -->
      </class> <!-- com.ranford.RABP.testsuites.BP_TS5_ValidateBrancheDetails -->
      <class name="com.ranford.RABP.testsuites.BP_TS4_ValidateBranchesLogOut">
        <test-method status="PASS" signature="preCondition()[pri:0, instance:com.ranford.RABP.testsuites.BP_TS4_ValidateBranchesLogOut@12b35c53]" name="preCondition" is-config="true" duration-ms="17801" started-at="2016-05-26T09:14:23Z" finished-at="2016-05-26T09:14:41Z">
          <reporter-output>
            <line>
              <![CDATA[Browser launched successfully]]>
            </line>
            <line>
              <![CDATA[Admin Login successful]]>
            </line>
            <line>
              <![CDATA[verifed welcome to admin]]>
            </line>
            <line>
              <![CDATA[branches home page opend successfully]]>
            </line>
            <line>
              <![CDATA[New Branch Text is verified]]>
            </line>
          </reporter-output>
        </test-method> <!-- preCondition -->
        <test-method status="PASS" signature="testcase()[pri:0, instance:com.ranford.RABP.testsuites.BP_TS4_ValidateBranchesLogOut@12b35c53]" name="testcase" duration-ms="880" started-at="2016-05-26T09:14:41Z" finished-at="2016-05-26T09:14:42Z">
          <reporter-output>
            <line>
              <![CDATA[log out successful]]>
            </line>
            <line>
              <![CDATA[Banker Login text is verified]]>
            </line>
          </reporter-output>
        </test-method> <!-- testcase -->
        <test-method status="PASS" signature="postCondition()[pri:0, instance:com.ranford.RABP.testsuites.BP_TS4_ValidateBranchesLogOut@12b35c53]" name="postCondition" is-config="true" duration-ms="4560" started-at="2016-05-26T09:14:42Z" finished-at="2016-05-26T09:14:47Z">
          <reporter-output>
            <line>
              <![CDATA[close the browser]]>
            </line>
          </reporter-output>
        </test-method> <!-- postCondition -->
      </class> <!-- com.ranford.RABP.testsuites.BP_TS4_ValidateBranchesLogOut -->
      <class name="com.ranford.RABP.testsuites.BP_TS9_validateBranchesEntryCancle">
        <test-method status="PASS" signature="preCondition()[pri:0, instance:com.ranford.RABP.testsuites.BP_TS9_validateBranchesEntryCancle@65b60b98]" name="preCondition" is-config="true" duration-ms="60476" started-at="2016-05-26T09:11:37Z" finished-at="2016-05-26T09:12:37Z">
          <reporter-output>
            <line>
              <![CDATA[Browser launched successfully]]>
            </line>
            <line>
              <![CDATA[Admin Login successful]]>
            </line>
            <line>
              <![CDATA[verifed welcome to admin]]>
            </line>
            <line>
              <![CDATA[branches home page opend successfully]]>
            </line>
            <line>
              <![CDATA[New Branch is not verified]]>
            </line>
          </reporter-output>
        </test-method> <!-- preCondition -->
        <test-method status="PASS" signature="testdata()[pri:0, instance:com.ranford.RABP.testsuites.BP_TS9_validateBranchesEntryCancle@65b60b98]" name="testdata" duration-ms="101480" started-at="2016-05-26T09:12:37Z" finished-at="2016-05-26T09:14:19Z">
          <reporter-output>
            <line>
              <![CDATA[New Branch Page opened successfully]]>
            </line>
            <line>
              <![CDATA[New Branch Entry is not verified]]>
            </line>
            <line>
              <![CDATA[branch Details entered not sucessfully]]>
            </line>
            <line>
              <![CDATA[New Branch Page opened successfully]]>
            </line>
            <line>
              <![CDATA[New Branch Entry is verified]]>
            </line>
            <line>
              <![CDATA[branch Details entered sucessfully]]>
            </line>
            <line>
              <![CDATA[New Branch Page opened successfully]]>
            </line>
            <line>
              <![CDATA[New Branch Entry is verified]]>
            </line>
            <line>
              <![CDATA[branch Details entered sucessfully]]>
            </line>
            <line>
              <![CDATA[New Branch Page opened successfully]]>
            </line>
            <line>
              <![CDATA[New Branch Entry is verified]]>
            </line>
            <line>
              <![CDATA[branch Details entered sucessfully]]>
            </line>
            <line>
              <![CDATA[New Branch Page opened successfully]]>
            </line>
            <line>
              <![CDATA[New Branch Entry is verified]]>
            </line>
            <line>
              <![CDATA[branch Details entered sucessfully]]>
            </line>
            <line>
              <![CDATA[New Branch Page opened successfully]]>
            </line>
            <line>
              <![CDATA[New Branch Entry is verified]]>
            </line>
            <line>
              <![CDATA[branch Details entered sucessfully]]>
            </line>
            <line>
              <![CDATA[New Branch Page opened successfully]]>
            </line>
            <line>
              <![CDATA[New Branch Entry is verified]]>
            </line>
            <line>
              <![CDATA[branch Details entered sucessfully]]>
            </line>
            <line>
              <![CDATA[New Branch Page opened successfully]]>
            </line>
            <line>
              <![CDATA[New Branch Entry is verified]]>
            </line>
            <line>
              <![CDATA[branch Details entered sucessfully]]>
            </line>
            <line>
              <![CDATA[New Branch Page opened successfully]]>
            </line>
            <line>
              <![CDATA[New Branch Entry is verified]]>
            </line>
            <line>
              <![CDATA[branch Details entered sucessfully]]>
            </line>
          </reporter-output>
        </test-method> <!-- testdata -->
        <test-method status="PASS" signature="postCondition()[pri:0, instance:com.ranford.RABP.testsuites.BP_TS9_validateBranchesEntryCancle@65b60b98]" name="postCondition" is-config="true" duration-ms="4609" started-at="2016-05-26T09:14:19Z" finished-at="2016-05-26T09:14:23Z">
          <reporter-output>
          </reporter-output>
        </test-method> <!-- postCondition -->
      </class> <!-- com.ranford.RABP.testsuites.BP_TS9_validateBranchesEntryCancle -->
      <class name="com.ranford.RABP.testsuites.BP_TS7_validateBranchesEntrySubmit">
        <test-method status="PASS" signature="preCondition()[pri:0, instance:com.ranford.RABP.testsuites.BP_TS7_validateBranchesEntrySubmit@6c7ee9eb]" name="preCondition" is-config="true" duration-ms="31674" started-at="2016-05-26T09:06:59Z" finished-at="2016-05-26T09:07:31Z">
          <reporter-output>
            <line>
              <![CDATA[Browser launched successfully]]>
            </line>
            <line>
              <![CDATA[Admin Login successful]]>
            </line>
            <line>
              <![CDATA[verifed welcome to admin]]>
            </line>
            <line>
              <![CDATA[branches home page opend successfully]]>
            </line>
            <line>
              <![CDATA[New Branch Text is verified]]>
            </line>
          </reporter-output>
        </test-method> <!-- preCondition -->
        <test-method status="PASS" signature="testdata()[pri:0, instance:com.ranford.RABP.testsuites.BP_TS7_validateBranchesEntrySubmit@6c7ee9eb]" name="testdata" duration-ms="105847" started-at="2016-05-26T09:07:31Z" finished-at="2016-05-26T09:09:17Z">
          <reporter-output>
            <line>
              <![CDATA[New Branch Page opened successfully]]>
            </line>
            <line>
              <![CDATA[New Branch Entry is verified]]>
            </line>
            <line>
              <![CDATA[branch Details entered sucessfully]]>
            </line>
            <line>
              <![CDATA[Alert text is present]]>
            </line>
            <line>
              <![CDATA[Branch name already Exist]]>
            </line>
            <line>
              <![CDATA[New Branch Page opened successfully]]>
            </line>
            <line>
              <![CDATA[New Branch Entry is verified]]>
            </line>
            <line>
              <![CDATA[branch Details entered sucessfully]]>
            </line>
            <line>
              <![CDATA[Alert text is present]]>
            </line>
            <line>
              <![CDATA[Branch name already Exist]]>
            </line>
            <line>
              <![CDATA[New Branch Page opened successfully]]>
            </line>
            <line>
              <![CDATA[New Branch Entry is verified]]>
            </line>
            <line>
              <![CDATA[branch Details entered sucessfully]]>
            </line>
            <line>
              <![CDATA[Alert text is present]]>
            </line>
            <line>
              <![CDATA[Branch name already Exist]]>
            </line>
            <line>
              <![CDATA[New Branch Page opened successfully]]>
            </line>
            <line>
              <![CDATA[New Branch Entry is verified]]>
            </line>
            <line>
              <![CDATA[branch Details entered sucessfully]]>
            </line>
            <line>
              <![CDATA[Alert text is present]]>
            </line>
            <line>
              <![CDATA[Branch name already Exist]]>
            </line>
            <line>
              <![CDATA[New Branch Page opened successfully]]>
            </line>
            <line>
              <![CDATA[New Branch Entry is verified]]>
            </line>
            <line>
              <![CDATA[branch Details entered sucessfully]]>
            </line>
            <line>
              <![CDATA[Alert text is present]]>
            </line>
            <line>
              <![CDATA[Branch name already Exist]]>
            </line>
            <line>
              <![CDATA[New Branch Page opened successfully]]>
            </line>
            <line>
              <![CDATA[New Branch Entry is verified]]>
            </line>
            <line>
              <![CDATA[branch Details entered sucessfully]]>
            </line>
            <line>
              <![CDATA[Alert text is present]]>
            </line>
            <line>
              <![CDATA[Branch name already Exist]]>
            </line>
            <line>
              <![CDATA[New Branch Page opened successfully]]>
            </line>
            <line>
              <![CDATA[New Branch Entry is verified]]>
            </line>
            <line>
              <![CDATA[branch Details entered sucessfully]]>
            </line>
            <line>
              <![CDATA[Alert text is present]]>
            </line>
            <line>
              <![CDATA[Branch name already Exist]]>
            </line>
            <line>
              <![CDATA[New Branch Page opened successfully]]>
            </line>
            <line>
              <![CDATA[New Branch Entry is verified]]>
            </line>
            <line>
              <![CDATA[branch Details entered sucessfully]]>
            </line>
            <line>
              <![CDATA[Alert text is present]]>
            </line>
            <line>
              <![CDATA[Branch name already Exist]]>
            </line>
            <line>
              <![CDATA[New Branch Page opened successfully]]>
            </line>
            <line>
              <![CDATA[New Branch Entry is verified]]>
            </line>
            <line>
              <![CDATA[branch Details entered sucessfully]]>
            </line>
            <line>
              <![CDATA[Alert text is present]]>
            </line>
            <line>
              <![CDATA[Branch name already Exist]]>
            </line>
          </reporter-output>
        </test-method> <!-- testdata -->
        <test-method status="PASS" signature="postCondition()[pri:0, instance:com.ranford.RABP.testsuites.BP_TS7_validateBranchesEntrySubmit@6c7ee9eb]" name="postCondition" is-config="true" duration-ms="3630" started-at="2016-05-26T09:09:17Z" finished-at="2016-05-26T09:09:20Z">
          <reporter-output>
            <line>
              <![CDATA[close the browser]]>
            </line>
          </reporter-output>
        </test-method> <!-- postCondition -->
      </class> <!-- com.ranford.RABP.testsuites.BP_TS7_validateBranchesEntrySubmit -->
      <class name="com.ranford.RABP.testsuites.BP_TS8_validateBranchesEntryReset">
        <test-method status="PASS" signature="preCondition()[pri:0, instance:com.ranford.RABP.testsuites.BP_TS8_validateBranchesEntryReset@2d30e79d]" name="preCondition" is-config="true" duration-ms="18873" started-at="2016-05-26T09:10:26Z" finished-at="2016-05-26T09:10:45Z">
          <reporter-output>
            <line>
              <![CDATA[Browser launched successfully]]>
            </line>
            <line>
              <![CDATA[Admin Login successful]]>
            </line>
            <line>
              <![CDATA[verifed welcome to admin]]>
            </line>
            <line>
              <![CDATA[branches home page opend successfully]]>
            </line>
            <line>
              <![CDATA[New Branch Text is verified]]>
            </line>
          </reporter-output>
        </test-method> <!-- preCondition -->
        <test-method status="PASS" signature="testdata()[pri:0, instance:com.ranford.RABP.testsuites.BP_TS8_validateBranchesEntryReset@2d30e79d]" name="testdata" duration-ms="47666" started-at="2016-05-26T09:10:45Z" finished-at="2016-05-26T09:11:32Z">
          <reporter-output>
            <line>
              <![CDATA[New Branch Page opened successfully]]>
            </line>
            <line>
              <![CDATA[New Branch Entry is verified]]>
            </line>
            <line>
              <![CDATA[branch Details entered sucessfully]]>
            </line>
            <line>
              <![CDATA[Branch Name textbox is empty]]>
            </line>
            <line>
              <![CDATA[branch Details entered sucessfully]]>
            </line>
            <line>
              <![CDATA[Branch Name textbox is empty]]>
            </line>
            <line>
              <![CDATA[branch Details entered sucessfully]]>
            </line>
            <line>
              <![CDATA[Branch Name textbox is empty]]>
            </line>
            <line>
              <![CDATA[branch Details entered sucessfully]]>
            </line>
            <line>
              <![CDATA[Branch Name textbox is empty]]>
            </line>
            <line>
              <![CDATA[branch Details entered sucessfully]]>
            </line>
            <line>
              <![CDATA[Branch Name textbox is empty]]>
            </line>
            <line>
              <![CDATA[branch Details entered sucessfully]]>
            </line>
            <line>
              <![CDATA[Branch Name textbox is empty]]>
            </line>
            <line>
              <![CDATA[branch Details entered sucessfully]]>
            </line>
            <line>
              <![CDATA[Branch Name textbox is empty]]>
            </line>
            <line>
              <![CDATA[branch Details entered sucessfully]]>
            </line>
            <line>
              <![CDATA[Branch Name textbox is empty]]>
            </line>
            <line>
              <![CDATA[branch Details entered sucessfully]]>
            </line>
            <line>
              <![CDATA[Branch Name textbox is empty]]>
            </line>
          </reporter-output>
        </test-method> <!-- testdata -->
        <test-method status="PASS" signature="postCondition()[pri:0, instance:com.ranford.RABP.testsuites.BP_TS8_validateBranchesEntryReset@2d30e79d]" name="postCondition" is-config="true" duration-ms="4503" started-at="2016-05-26T09:11:32Z" finished-at="2016-05-26T09:11:37Z">
          <reporter-output>
          </reporter-output>
        </test-method> <!-- postCondition -->
      </class> <!-- com.ranford.RABP.testsuites.BP_TS8_validateBranchesEntryReset -->
      <class name="com.ranford.RABP.testsuites.BP_TS6_validateBrancheDetailsClear">
        <test-method status="FAIL" signature="preCondition()[pri:0, instance:com.ranford.RABP.testsuites.BP_TS6_validateBrancheDetailsClear@5497048e]" name="preCondition" is-config="true" duration-ms="0" started-at="2016-05-26T09:04:58Z" finished-at="2016-05-26T09:04:58Z">
          <exception class="org.openqa.selenium.UnhandledAlertException">
            <message>
              <![CDATA[Unexpected modal dialog (text: Connction failed try again): Connction failed try again
Build info: version: '2.53.0', revision: '35ae25b', time: '2016-03-15 16:57:40'
System info: host: 'SIVA-PC', ip: '192.168.0.103', os.name: 'Windows 7', os.arch: 'amd64', os.version: '6.1', java.version: '1.7.0_79'
Session ID: 1657537e-749d-4d30-bea8-da7ece680115
Driver info: org.openqa.selenium.firefox.FirefoxDriver
Capabilities [{platform=WINDOWS, acceptSslCerts=true, javascriptEnabled=true, cssSelectorsEnabled=true, databaseEnabled=true, browserName=firefox, handlesAlerts=true, nativeEvents=false, webStorageEnabled=true, rotatable=false, locationContextEnabled=true, applicationCacheEnabled=true, takesScreenshot=true, version=46.0.1}]]]>
            </message>
            <full-stacktrace>
              <![CDATA[org.openqa.selenium.UnhandledAlertException: Unexpected modal dialog (text: Connction failed try again): Connction failed try again
Build info: version: '2.53.0', revision: '35ae25b', time: '2016-03-15 16:57:40'
System info: host: 'SIVA-PC', ip: '192.168.0.103', os.name: 'Windows 7', os.arch: 'amd64', os.version: '6.1', java.version: '1.7.0_79'
Session ID: 1657537e-749d-4d30-bea8-da7ece680115
Driver info: org.openqa.selenium.firefox.FirefoxDriver
Capabilities [{platform=WINDOWS, acceptSslCerts=true, javascriptEnabled=true, cssSelectorsEnabled=true, databaseEnabled=true, browserName=firefox, handlesAlerts=true, nativeEvents=false, webStorageEnabled=true, rotatable=false, locationContextEnabled=true, applicationCacheEnabled=true, takesScreenshot=true, version=46.0.1}]
	at sun.reflect.NativeConstructorAccessorImpl.newInstance0(Native Method)
	at sun.reflect.NativeConstructorAccessorImpl.newInstance(Unknown Source)
	at sun.reflect.DelegatingConstructorAccessorImpl.newInstance(Unknown Source)
	at java.lang.reflect.Constructor.newInstance(Unknown Source)
	at org.openqa.selenium.remote.ErrorHandler.createThrowable(ErrorHandler.java:206)
	at org.openqa.selenium.remote.ErrorHandler.createUnhandledAlertException(ErrorHandler.java:187)
	at org.openqa.selenium.remote.ErrorHandler.throwIfResponseFailed(ErrorHandler.java:154)
	at org.openqa.selenium.remote.RemoteWebDriver.execute(RemoteWebDriver.java:678)
	at org.openqa.selenium.remote.RemoteWebDriver$RemoteWebDriverOptions$RemoteWindow.maximize(RemoteWebDriver.java:945)
	at com.ranford.RABP.appfunctions.AppFunctions.LaunchApplication(AppFunctions.java:55)
	at com.ranford.RABP.testsuites.BP_TS6_validateBrancheDetailsClear.preCondition(BP_TS6_validateBrancheDetailsClear.java:23)
	at sun.reflect.NativeMethodAccessorImpl.invoke0(Native Method)
	at sun.reflect.NativeMethodAccessorImpl.invoke(Unknown Source)
	at sun.reflect.DelegatingMethodAccessorImpl.invoke(Unknown Source)
	at java.lang.reflect.Method.invoke(Unknown Source)
	at org.testng.internal.MethodInvocationHelper.invokeMethod(MethodInvocationHelper.java:85)
	at org.testng.internal.Invoker.invokeConfigurationMethod(Invoker.java:510)
	at org.testng.internal.Invoker.invokeConfigurations(Invoker.java:211)
	at org.testng.internal.Invoker.invokeMethod(Invoker.java:585)
	at org.testng.internal.Invoker.invokeTestMethod(Invoker.java:816)
	at org.testng.internal.Invoker.invokeTestMethods(Invoker.java:1124)
	at org.testng.internal.TestMethodWorker.invokeTestMethods(TestMethodWorker.java:125)
	at org.testng.internal.TestMethodWorker.run(TestMethodWorker.java:108)
	at org.testng.TestRunner.privateRun(TestRunner.java:774)
	at org.testng.TestRunner.run(TestRunner.java:624)
	at org.testng.SuiteRunner.runTest(SuiteRunner.java:359)
	at org.testng.SuiteRunner.runSequentially(SuiteRunner.java:354)
	at org.testng.SuiteRunner.privateRun(SuiteRunner.java:312)
	at org.testng.SuiteRunner.run(SuiteRunner.java:261)
	at org.testng.SuiteRunnerWorker.runSuite(SuiteRunnerWorker.java:52)
	at org.testng.SuiteRunnerWorker.run(SuiteRunnerWorker.java:86)
	at org.testng.TestNG.runSuitesSequentially(TestNG.java:1215)
	at org.testng.TestNG.runSuitesLocally(TestNG.java:1140)
	at org.testng.TestNG.run(TestNG.java:1048)
	at org.testng.remote.AbstractRemoteTestNG.run(AbstractRemoteTestNG.java:126)
	at org.testng.remote.RemoteTestNG.initAndRun(RemoteTestNG.java:137)
	at org.testng.remote.RemoteTestNG.main(RemoteTestNG.java:58)
]]>
            </full-stacktrace>
          </exception> <!-- org.openqa.selenium.UnhandledAlertException -->
          <reporter-output>
          </reporter-output>
        </test-method> <!-- preCondition -->
        <test-method status="SKIP" signature="testdata()[pri:0, instance:com.ranford.RABP.testsuites.BP_TS6_validateBrancheDetailsClear@5497048e]" name="testdata" duration-ms="3" started-at="2016-05-26T09:05:45Z" finished-at="2016-05-26T09:05:45Z">
          <reporter-output>
          </reporter-output>
        </test-method> <!-- testdata -->
        <test-method status="SKIP" signature="postCondition()[pri:0, instance:com.ranford.RABP.testsuites.BP_TS6_validateBrancheDetailsClear@5497048e]" name="postCondition" is-config="true" duration-ms="0" started-at="2016-05-26T09:05:45Z" finished-at="2016-05-26T09:05:45Z">
          <reporter-output>
          </reporter-output>
        </test-method> <!-- postCondition -->
      </class> <!-- com.ranford.RABP.testsuites.BP_TS6_validateBrancheDetailsClear -->
      <class name="com.ranford.RABP.testsuites.BP_TS1_ValidateBranches">
        <test-method status="PASS" signature="preCondition()[pri:0, instance:com.ranford.RABP.testsuites.BP_TS1_ValidateBranches@1307e9af]" name="preCondition" is-config="true" duration-ms="14808" started-at="2016-05-26T09:06:20Z" finished-at="2016-05-26T09:06:35Z">
          <reporter-output>
            <line>
              <![CDATA[browser launched successfully]]>
            </line>
          </reporter-output>
        </test-method> <!-- preCondition -->
        <test-method status="PASS" signature="testCase()[pri:0, instance:com.ranford.RABP.testsuites.BP_TS1_ValidateBranches@1307e9af]" name="testCase" duration-ms="19391" started-at="2016-05-26T09:06:35Z" finished-at="2016-05-26T09:06:55Z">
          <reporter-output>
            <line>
              <![CDATA[Admin Login successful]]>
            </line>
            <line>
              <![CDATA[verifed welcome to admin]]>
            </line>
            <line>
              <![CDATA[branches home page opend successfully]]>
            </line>
            <line>
              <![CDATA[verifed New Branch]]>
            </line>
          </reporter-output>
        </test-method> <!-- testCase -->
        <test-method status="PASS" signature="postCondition()[pri:0, instance:com.ranford.RABP.testsuites.BP_TS1_ValidateBranches@1307e9af]" name="postCondition" is-config="true" duration-ms="4514" started-at="2016-05-26T09:06:55Z" finished-at="2016-05-26T09:06:59Z">
          <reporter-output>
            <line>
              <![CDATA[close the browser]]>
            </line>
          </reporter-output>
        </test-method> <!-- postCondition -->
      </class> <!-- com.ranford.RABP.testsuites.BP_TS1_ValidateBranches -->
    </test> <!-- Test -->
  </suite> <!-- Suite -->
</testng-results>
